<?xml version="1.0" encoding="utf-8"?><testsuites name="pytest tests"><testsuite name="pytest" errors="0" failures="0" skipped="0" tests="16" time="3.150" timestamp="2026-06-30T09:55:28.661890+07:00" hostname="Brew"><testcase classname="tests.test_components.TestRBACAPI" name="test_missing_token_is_unauthorized" time="0.058" /><testcase classname="tests.test_components.TestRBACAPI" name="test_only_admin_reads_raw_data" time="0.014" /><testcase classname="tests.test_components.TestRBACAPI" name="test_role_specific_resources" time="0.059" /><testcase classname="tests.test_components.TestRBACAPI" name="test_ml_engineer_cannot_delete" time="0.003" /><testcase classname="tests.test_components.TestEncryption" name="test_envelope_encryption_round_trip" time="0.004" /><testcase classname="tests.test_components.TestEncryption" name="test_tampering_is_detected" time="0.002" /><testcase classname="tests.test_components.TestEncryption" name="test_encrypt_column_preserves_input" time="0.003" /><testcase classname="tests.test_components" name="test_quality_suite_has_all_six_expectations" time="0.001" /><testcase classname="tests.test_components" name="test_secret_scanner_detects_fake_aws_credential" time="0.000" /><testcase classname="tests.test_pii.TestPIIDetection" name="test_cccd_detected" time="0.001" /><testcase classname="tests.test_pii.TestPIIDetection" name="test_phone_detected" time="0.001" /><testcase classname="tests.test_pii.TestPIIDetection" name="test_email_detected" time="0.015" /><testcase classname="tests.test_pii.TestPIIDetection" name="test_detection_rate_above_95_percent" time="0.026" /><testcase classname="tests.test_pii.TestAnonymization" name="test_date_of_birth_is_generalized" time="0.000" /><testcase classname="tests.test_pii.TestAnonymization" name="test_pii_not_in_output" time="0.165" /><testcase classname="tests.test_pii.TestAnonymization" name="test_non_pii_columns_unchanged" time="0.011" /></testsuite></testsuites>